<?xml version="1.0" encoding="UTF-8"?>
<!-- Generated by org.testng.reporters.JUnitXMLReporter -->
<testsuite ignored="0" hostname="DESKTOP-BDABQQ0" failures="0" tests="5" name="Default test" time="0.226" errors="0" timestamp="2023-06-28T18:00:41 IST">
  <testcase classname="test_Package.BaseClass" name="@BeforeTest BeforeTest" time="-1.687955440959E9">
    <failure type="org.testng.TestNGException" message="
Parameter &amp;apos;browser&amp;apos; is required by BeforeTest on method BeforeTest but has not been marked @Optional or defined
in C:\Users\DELL\AppData\Local\Temp\testng-eclipse-1623719624\testng-customsuite.xml">
      <![CDATA[org.testng.TestNGException: 
Parameter 'browser' is required by BeforeTest on method BeforeTest but has not been marked @Optional or defined
in C:\Users\DELL\AppData\Local\Temp\testng-eclipse-1623719624\testng-customsuite.xml
at org.testng.internal.Parameters.createParams(Parameters.java:270)
at org.testng.internal.Parameters.createParametersForMethod(Parameters.java:358)
at org.testng.internal.Parameters.createParameters(Parameters.java:700)
at org.testng.internal.Parameters.createConfigurationParameters(Parameters.java:168)
at org.testng.internal.ConfigInvoker.invokeConfigurations(ConfigInvoker.java:302)
at org.testng.TestRunner.invokeTestConfigurations(TestRunner.java:637)
at org.testng.TestRunner.beforeRun(TestRunner.java:627)
at org.testng.TestRunner.run(TestRunner.java:589)
at org.testng.SuiteRunner.runTest(SuiteRunner.java:377)
at org.testng.SuiteRunner.runSequentially(SuiteRunner.java:371)
at org.testng.SuiteRunner.privateRun(SuiteRunner.java:332)
at org.testng.SuiteRunner.run(SuiteRunner.java:276)
at org.testng.SuiteRunnerWorker.runSuite(SuiteRunnerWorker.java:53)
at org.testng.SuiteRunnerWorker.run(SuiteRunnerWorker.java:96)
at org.testng.TestNG.runSuitesSequentially(TestNG.java:1212)
at org.testng.TestNG.runSuitesLocally(TestNG.java:1134)
at org.testng.TestNG.runSuites(TestNG.java:1063)
at org.testng.TestNG.run(TestNG.java:1031)
at org.testng.remote.AbstractRemoteTestNG.run(AbstractRemoteTestNG.java:115)
at org.testng.remote.RemoteTestNG.initAndRun(RemoteTestNG.java:251)
at org.testng.remote.RemoteTestNG.main(RemoteTestNG.java:77)
]]>
    </failure>
  </testcase> <!-- @BeforeTest BeforeTest -->
  <testcase classname="test_Package.Test_Class1" name="@BeforeClass beforeClass" time="-1.687955441032E9">
    <skipped/>
  </testcase> <!-- @BeforeClass beforeClass -->
  <testcase classname="test_Package.Test_Class1" name="@BeforeMethod beforeMethod" time="-1.687955441069E9">
    <skipped/>
  </testcase> <!-- @BeforeMethod beforeMethod -->
  <testcase classname="test_Package.Test_Class1" name="@AfterMethod afterMethod" time="-1.687955441093E9">
    <skipped/>
  </testcase> <!-- @AfterMethod afterMethod -->
  <testcase classname="test_Package.BaseClass" name="@AfterMethod AfterMethod" time="-1.687955441096E9">
    <skipped/>
  </testcase> <!-- @AfterMethod AfterMethod -->
  <testcase classname="test_Package.Test_Class1" name="@BeforeMethod beforeMethod" time="-1.687955441105E9">
    <skipped/>
  </testcase> <!-- @BeforeMethod beforeMethod -->
  <testcase classname="test_Package.Test_Class1" name="@AfterMethod afterMethod" time="-1.687955441119E9">
    <skipped/>
  </testcase> <!-- @AfterMethod afterMethod -->
  <testcase classname="test_Package.BaseClass" name="@AfterMethod AfterMethod" time="-1.687955441121E9">
    <skipped/>
  </testcase> <!-- @AfterMethod AfterMethod -->
  <testcase classname="test_Package.Test_Class1" name="@BeforeMethod beforeMethod" time="-1.687955441126E9">
    <skipped/>
  </testcase> <!-- @BeforeMethod beforeMethod -->
  <testcase classname="test_Package.Test_Class1" name="@AfterMethod afterMethod" time="-1.687955441135E9">
    <skipped/>
  </testcase> <!-- @AfterMethod afterMethod -->
  <testcase classname="test_Package.BaseClass" name="@AfterMethod AfterMethod" time="-1.687955441138E9">
    <skipped/>
  </testcase> <!-- @AfterMethod AfterMethod -->
  <testcase classname="test_Package.Test_Class1" name="@BeforeMethod beforeMethod" time="-1.68795544114E9">
    <skipped/>
  </testcase> <!-- @BeforeMethod beforeMethod -->
  <testcase classname="test_Package.Test_Class1" name="@AfterMethod afterMethod" time="-1.687955441146E9">
    <skipped/>
  </testcase> <!-- @AfterMethod afterMethod -->
  <testcase classname="test_Package.BaseClass" name="@AfterMethod AfterMethod" time="-1.687955441148E9">
    <skipped/>
  </testcase> <!-- @AfterMethod AfterMethod -->
  <testcase classname="test_Package.Test_Class1" name="@BeforeMethod beforeMethod" time="-1.687955441151E9">
    <skipped/>
  </testcase> <!-- @BeforeMethod beforeMethod -->
  <testcase classname="test_Package.Test_Class1" name="@AfterMethod afterMethod" time="-1.687955441157E9">
    <skipped/>
  </testcase> <!-- @AfterMethod afterMethod -->
  <testcase classname="test_Package.BaseClass" name="@AfterMethod AfterMethod" time="-1.687955441159E9">
    <skipped/>
  </testcase> <!-- @AfterMethod AfterMethod -->
  <testcase classname="test_Package.Test_Class1" name="@AfterClass afterClass" time="-1.687955441163E9">
    <skipped/>
  </testcase> <!-- @AfterClass afterClass -->
  <testcase classname="test_Package.BaseClass" name="@AfterTest aftertest" time="-1.687955441165E9">
    <skipped/>
  </testcase> <!-- @AfterTest aftertest -->
  <testcase classname="test_Package.Test_Class1" name="test1" time="0.0">
    <skipped/>
  </testcase> <!-- test1 -->
  <testcase classname="test_Package.Test_Class1" name="test2" time="0.0">
    <skipped/>
  </testcase> <!-- test2 -->
  <testcase classname="test_Package.Test_Class1" name="test3" time="0.0">
    <skipped/>
  </testcase> <!-- test3 -->
  <testcase classname="test_Package.Test_Class1" name="verifyDashboardElement" time="0.0">
    <skipped/>
  </testcase> <!-- verifyDashboardElement -->
  <testcase classname="test_Package.Test_Class1" name="abcd" time="0.0">
    <skipped/>
  </testcase> <!-- abcd -->
</testsuite> <!-- Default test -->
