<?xml version="1.0" encoding="UTF-8"?>
<!-- Generated by org.testng.reporters.JUnitXMLReporter -->
<testsuite ignored="0" hostname="DESKTOP-BDABQQ0" failures="0" tests="5" name="chrome" time="18.722" errors="0" timestamp="2023-03-24T15:19:32 IST">
  <testcase classname="test_Package.Test_Class1" name="test1" time="0.025"/>
  <testcase classname="test_Package.Test_Class1" name="test2" time="0.005"/>
  <testcase classname="test_Package.Test_Class1" name="test3" time="0.01"/>
  <testcase classname="test_Package.Test_Class1" name="verifyDashboardElement" time="2.894"/>
  <testcase classname="test_Package.Test_Class1" name="abcd" time="0.005"/>
</testsuite> <!-- chrome -->
