<?xml version="1.0" encoding="UTF-8"?>
<!-- Generated by org.testng.reporters.JUnitXMLReporter -->
<testsuite ignored="1" hostname="DESKTOP-BDABQQ0" failures="0" tests="4" name="edge" time="15.093" errors="0" timestamp="2023-03-21T18:24:35 IST">
  <testcase classname="test_Package.Test_Class1" name="test1" time="0.007"/>
  <testcase classname="test_Package.Test_Class1" name="test2" time="0.017"/>
  <testcase classname="test_Package.Test_Class1" name="test3" time="0.031"/>
  <testcase classname="test_Package.Test_Class1" name="abcd" time="0.002"/>
  <testcase classname="test_Package.Test_Class1" name="verifyDashboardElement" time="0.0">
    <ignored/>
  </testcase> <!-- verifyDashboardElement -->
</testsuite> <!-- edge -->
