<?xml version="1.0" encoding="UTF-8"?>
<!-- Generated by org.testng.reporters.JUnitXMLReporter -->
<testsuite ignored="1" hostname="DESKTOP-BDABQQ0" failures="0" tests="4" name="firefox" time="13.662" errors="0" timestamp="2023-03-21T18:24:49 IST">
  <testcase classname="test_Package.Test_Class1" name="test1" time="0.003"/>
  <testcase classname="test_Package.Test_Class1" name="test2" time="0.002"/>
  <testcase classname="test_Package.Test_Class1" name="test3" time="0.003"/>
  <testcase classname="test_Package.Test_Class1" name="abcd" time="0.001"/>
  <testcase classname="test_Package.Test_Class1" name="verifyDashboardElement" time="0.0">
    <ignored/>
  </testcase> <!-- verifyDashboardElement -->
</testsuite> <!-- firefox -->
