<?xml version="1.0" encoding="UTF-8"?>
<!-- Generated by org.testng.reporters.JUnitXMLReporter -->
<testsuite ignored="0" hostname="DESKTOP-BDABQQ0" failures="0" tests="5" name="Test" time="94.35" errors="0" timestamp="2023-03-18T12:51:46 IST">
  <testcase classname="test_POM.Test_Class1" name="test" time="8.623"/>
  <testcase classname="test_POM.Test_Class1" name="test1" time="0.011"/>
  <testcase classname="test_POM.Test_Class1" name="test2" time="0.016"/>
  <testcase classname="test_POM.Test_Class1" name="test3" time="0.019"/>
  <testcase classname="test_POM.Test_Class1" name="abcd" time="0.005"/>
</testsuite> <!-- Test -->
