<?xml version="1.0" encoding="UTF-8"?>
<testng-results ignored="0" total="5" passed="5" failed="0" skipped="0">
  <reporter-output>
  </reporter-output>
  <suite started-at="2023-03-24T15:19:14 IST" name="maventestng" finished-at="2023-03-24T15:19:32 IST" duration-ms="18722">
    <groups>
    </groups>
    <test started-at="2023-03-24T15:19:14 IST" name="chrome" finished-at="2023-03-24T15:19:32 IST" duration-ms="18722">
      <class name="test_Package.Test_Class1">
        <test-method is-config="true" signature="beforetest(java.lang.String)[pri:0, instance:test_Package.Test_Class1@3cd3e762]" started-at="2023-03-24T15:19:14 IST" name="beforetest" finished-at="2023-03-24T15:19:29 IST" duration-ms="15591" status="PASS">
          <params>
            <param index="0">
              <value>
                <![CDATA[chrome]]>
              </value>
            </param>
          </params>
          <reporter-output>
          </reporter-output>
        </test-method> <!-- beforetest -->
        <test-method is-config="true" signature="beforeClass()[pri:0, instance:test_Package.Test_Class1@3cd3e762]" started-at="2023-03-24T15:19:29 IST" name="beforeClass" finished-at="2023-03-24T15:19:29 IST" duration-ms="2" status="PASS">
          <reporter-output>
          </reporter-output>
        </test-method> <!-- beforeClass -->
        <test-method is-config="true" signature="beforeMethod()[pri:0, instance:test_Package.Test_Class1@3cd3e762]" started-at="2023-03-24T15:19:29 IST" name="beforeMethod" finished-at="2023-03-24T15:19:29 IST" duration-ms="1" status="PASS">
          <reporter-output>
          </reporter-output>
        </test-method> <!-- beforeMethod -->
        <test-method signature="test1()[pri:0, instance:test_Package.Test_Class1@3cd3e762]" started-at="2023-03-24T15:19:29 IST" name="test1" finished-at="2023-03-24T15:19:29 IST" duration-ms="25" status="PASS">
          <reporter-output>
          </reporter-output>
        </test-method> <!-- test1 -->
        <test-method is-config="true" signature="afterMethod()[pri:0, instance:test_Package.Test_Class1@3cd3e762]" started-at="2023-03-24T15:19:29 IST" name="afterMethod" finished-at="2023-03-24T15:19:29 IST" duration-ms="4" status="PASS">
          <reporter-output>
          </reporter-output>
        </test-method> <!-- afterMethod -->
        <test-method is-config="true" signature="beforeMethod()[pri:0, instance:test_Package.Test_Class1@3cd3e762]" started-at="2023-03-24T15:19:29 IST" name="beforeMethod" finished-at="2023-03-24T15:19:29 IST" duration-ms="1" status="PASS">
          <reporter-output>
          </reporter-output>
        </test-method> <!-- beforeMethod -->
        <test-method signature="test2()[pri:0, instance:test_Package.Test_Class1@3cd3e762]" started-at="2023-03-24T15:19:29 IST" name="test2" finished-at="2023-03-24T15:19:29 IST" duration-ms="5" status="PASS">
          <reporter-output>
          </reporter-output>
        </test-method> <!-- test2 -->
        <test-method is-config="true" signature="afterMethod()[pri:0, instance:test_Package.Test_Class1@3cd3e762]" started-at="2023-03-24T15:19:29 IST" name="afterMethod" finished-at="2023-03-24T15:19:29 IST" duration-ms="1" status="PASS">
          <reporter-output>
          </reporter-output>
        </test-method> <!-- afterMethod -->
        <test-method is-config="true" signature="beforeMethod()[pri:0, instance:test_Package.Test_Class1@3cd3e762]" started-at="2023-03-24T15:19:29 IST" name="beforeMethod" finished-at="2023-03-24T15:19:29 IST" duration-ms="8" status="PASS">
          <reporter-output>
          </reporter-output>
        </test-method> <!-- beforeMethod -->
        <test-method signature="test3()[pri:0, instance:test_Package.Test_Class1@3cd3e762]" started-at="2023-03-24T15:19:29 IST" name="test3" finished-at="2023-03-24T15:19:29 IST" duration-ms="10" status="PASS">
          <reporter-output>
          </reporter-output>
        </test-method> <!-- test3 -->
        <test-method is-config="true" signature="afterMethod()[pri:0, instance:test_Package.Test_Class1@3cd3e762]" started-at="2023-03-24T15:19:30 IST" name="afterMethod" finished-at="2023-03-24T15:19:30 IST" duration-ms="0" status="PASS">
          <reporter-output>
          </reporter-output>
        </test-method> <!-- afterMethod -->
        <test-method is-config="true" signature="beforeMethod()[pri:0, instance:test_Package.Test_Class1@3cd3e762]" started-at="2023-03-24T15:19:30 IST" name="beforeMethod" finished-at="2023-03-24T15:19:30 IST" duration-ms="1" status="PASS">
          <reporter-output>
          </reporter-output>
        </test-method> <!-- beforeMethod -->
        <test-method signature="verifyDashboardElement()[pri:0, instance:test_Package.Test_Class1@3cd3e762]" started-at="2023-03-24T15:19:30 IST" name="verifyDashboardElement" finished-at="2023-03-24T15:19:32 IST" duration-ms="2894" status="PASS">
          <reporter-output>
          </reporter-output>
        </test-method> <!-- verifyDashboardElement -->
        <test-method is-config="true" signature="afterMethod()[pri:0, instance:test_Package.Test_Class1@3cd3e762]" started-at="2023-03-24T15:19:32 IST" name="afterMethod" finished-at="2023-03-24T15:19:32 IST" duration-ms="7" status="PASS">
          <reporter-output>
          </reporter-output>
        </test-method> <!-- afterMethod -->
        <test-method is-config="true" signature="beforeMethod()[pri:0, instance:test_Package.Test_Class1@3cd3e762]" started-at="2023-03-24T15:19:32 IST" name="beforeMethod" finished-at="2023-03-24T15:19:32 IST" duration-ms="3" status="PASS">
          <reporter-output>
          </reporter-output>
        </test-method> <!-- beforeMethod -->
        <test-method signature="abcd()[pri:2, instance:test_Package.Test_Class1@3cd3e762]" started-at="2023-03-24T15:19:32 IST" name="abcd" finished-at="2023-03-24T15:19:32 IST" duration-ms="5" status="PASS">
          <reporter-output>
          </reporter-output>
        </test-method> <!-- abcd -->
        <test-method is-config="true" signature="afterMethod()[pri:0, instance:test_Package.Test_Class1@3cd3e762]" started-at="2023-03-24T15:19:32 IST" name="afterMethod" finished-at="2023-03-24T15:19:32 IST" duration-ms="1" status="PASS">
          <reporter-output>
          </reporter-output>
        </test-method> <!-- afterMethod -->
        <test-method is-config="true" signature="afterClass()[pri:0, instance:test_Package.Test_Class1@3cd3e762]" started-at="2023-03-24T15:19:32 IST" name="afterClass" finished-at="2023-03-24T15:19:32 IST" duration-ms="1" status="PASS">
          <reporter-output>
          </reporter-output>
        </test-method> <!-- afterClass -->
        <test-method is-config="true" signature="aftertest()[pri:0, instance:test_Package.Test_Class1@3cd3e762]" started-at="2023-03-24T15:19:32 IST" name="aftertest" finished-at="2023-03-24T15:19:32 IST" duration-ms="1" status="PASS">
          <reporter-output>
          </reporter-output>
        </test-method> <!-- aftertest -->
      </class> <!-- test_Package.Test_Class1 -->
    </test> <!-- chrome -->
  </suite> <!-- maventestng -->
</testng-results>
